Arguments: 
  /home/akaluan/.nvm/versions/node/v19.4.0/bin/node /usr/share/yarn/bin/yarn.js install

PATH: 
  /home/akaluan/.nvm/versions/node/v19.4.0/bin:/usr/local/sbin:/usr/local/bin:/usr/sbin:/usr/bin:/sbin:/bin:/usr/games:/usr/local/games:/mnt/c/Program Files/Eclipse Adoptium/jre-17.0.5.8-hotspot/bin:/mnt/c/WINDOWS/system32:/mnt/c/WINDOWS:/mnt/c/WINDOWS/System32/Wbem:/mnt/c/WINDOWS/System32/WindowsPowerShell/v1.0/:/mnt/c/WINDOWS/System32/OpenSSH/:/mnt/c/Program Files/Microsoft VS Code/bin:/mnt/c/ProgramData/chocolatey/bin:/mnt/c/Program Files/dotnet/:/mnt/c/Program Files/Git/cmd:/mnt/c/Program Files/nodejs/:/mnt/c/Users/Akalu/AppData/Local/Microsoft/WindowsApps:/mnt/c/Users/Akalu/AppData/Local/Programs/Hyper/resources/bin

Yarn version: 
  1.22.19

Node version: 
  19.4.0

Platform: 
  linux x64

Trace: 
  Error: connect ECONNREFUSED 2606:4700::6810:1a23:443
      at TCPConnectWrap.afterConnect [as oncomplete] (node:net:1495:16)

npm manifest: 
  {
    "name": "underscores",
    "version": "1.0.0",
    "description": "Hi. I'm a starter theme called _s, or underscores, if you like. I'm a theme meant for hacking so don't use me as a Parent Theme. Instead try turning me into the next, most awesome, WordPress theme out there. That's what I'm here for.",
    "author": "Automattic Theme Team",
    "license": "GPL-2.0-or-later",
    "homepage": "https://github.com/larapressweb/boilerplate-wordpress#readme",
    "private": true,
    "repository": {
      "type": "git",
      "url": "git+https://github.com/larapressweb/boilerplate-wordpress.git"
    },
    "bugs": {
      "url": "https://github.com/larapressweb/boilerplate-wordpress/issues"
    },
    "engines": {
      "node": ">=14.16.1"
    },
    "scripts": {
      "dev": "npm run development",
      "development": "mix",
      "watch": "mix watch",
      "watch-poll": "mix watch -- --watch-options-poll=1000",
      "hot": "mix watch --hot",
      "prod": "npm run production",
      "production": "mix --production"
    },
    "devDependencies": {
      "browser-sync": "^2.28.1",
      "browser-sync-webpack-plugin": "^2.3.0",
      "jshint": "^2.13.4",
      "laravel-mix": "^6.0.6",
      "postcss": "^8.1.14",
      "resolve-url-loader": "^4.0.0",
      "sass": "^1.49.0",
      "sass-loader": "^12.1.0"
    },
    "dependencies": {
      "animate.css": "^4.1.1"
    }
  }

yarn manifest: 
  No manifest

Lockfile: 
  No lockfile
